{"level":"info","message":"Server running on port 3000","timestamp":"2024-11-27T06:36:25.947Z"}
{"error":"invalid csrf token","level":"error","message":"Unhandled error:","stack":"ForbiddenError: invalid csrf token\n    at csrf (C:\\Users\\Jobin Abraham\\CascadeProjects\\mo-city-gutters\\node_modules\\csurf\\index.js:112:19)\n    at Layer.handle [as handle_request] (C:\\Users\\Jobin Abraham\\CascadeProjects\\mo-city-gutters\\node_modules\\express\\lib\\router\\layer.js:95:5)\n    at trim_prefix (C:\\Users\\Jobin Abraham\\CascadeProjects\\mo-city-gutters\\node_modules\\express\\lib\\router\\index.js:328:13)\n    at C:\\Users\\Jobin Abraham\\CascadeProjects\\mo-city-gutters\\node_modules\\express\\lib\\router\\index.js:286:9\n    at Function.process_params (C:\\Users\\Jobin Abraham\\CascadeProjects\\mo-city-gutters\\node_modules\\express\\lib\\router\\index.js:346:12)\n    at next (C:\\Users\\Jobin Abraham\\CascadeProjects\\mo-city-gutters\\node_modules\\express\\lib\\router\\index.js:280:10)\n    at Immediate._onImmediate (C:\\Users\\Jobin Abraham\\CascadeProjects\\mo-city-gutters\\node_modules\\express-session\\index.js:514:7)\n    at process.processImmediate (node:internal/timers:478:21)","timestamp":"2024-11-28T06:42:35.802Z"}
{"level":"info","message":"HTTP Server running on port 3000","timestamp":"2024-11-28T06:50:48.642Z"}
{"level":"info","message":"Connected to MongoDB successfully","timestamp":"2024-11-28T06:50:49.564Z"}
{"level":"info","message":"HTTP Server running on port 3000","timestamp":"2024-11-28T06:57:34.748Z"}
{"level":"info","message":"Connected to MongoDB successfully","timestamp":"2024-11-28T06:57:35.552Z"}
{"level":"error","message":"TypeError: req.csrfToken is not a function\n    at C:\\Users\\Jobin Abraham\\CascadeProjects\\mo-city-gutters\\server.js:96:31\n    at Layer.handle [as handle_request] (C:\\Users\\Jobin Abraham\\CascadeProjects\\mo-city-gutters\\node_modules\\express\\lib\\router\\layer.js:95:5)\n    at next (C:\\Users\\Jobin Abraham\\CascadeProjects\\mo-city-gutters\\node_modules\\express\\lib\\router\\route.js:149:13)\n    at Route.dispatch (C:\\Users\\Jobin Abraham\\CascadeProjects\\mo-city-gutters\\node_modules\\express\\lib\\router\\route.js:119:3)\n    at Layer.handle [as handle_request] (C:\\Users\\Jobin Abraham\\CascadeProjects\\mo-city-gutters\\node_modules\\express\\lib\\router\\layer.js:95:5)\n    at C:\\Users\\Jobin Abraham\\CascadeProjects\\mo-city-gutters\\node_modules\\express\\lib\\router\\index.js:284:15\n    at Function.process_params (C:\\Users\\Jobin Abraham\\CascadeProjects\\mo-city-gutters\\node_modules\\express\\lib\\router\\index.js:346:12)\n    at next (C:\\Users\\Jobin Abraham\\CascadeProjects\\mo-city-gutters\\node_modules\\express\\lib\\router\\index.js:280:10)\n    at SendStream.error (C:\\Users\\Jobin Abraham\\CascadeProjects\\mo-city-gutters\\node_modules\\serve-static\\index.js:121:7)\n    at SendStream.emit (node:events:517:28)","timestamp":"2024-11-28T06:58:08.956Z"}
{"level":"error","message":"CSRF token validation failed","timestamp":"2024-11-28T06:58:32.628Z"}
{"level":"error","message":"TypeError: req.csrfToken is not a function\n    at C:\\Users\\Jobin Abraham\\CascadeProjects\\mo-city-gutters\\server.js:96:31\n    at Layer.handle [as handle_request] (C:\\Users\\Jobin Abraham\\CascadeProjects\\mo-city-gutters\\node_modules\\express\\lib\\router\\layer.js:95:5)\n    at next (C:\\Users\\Jobin Abraham\\CascadeProjects\\mo-city-gutters\\node_modules\\express\\lib\\router\\route.js:149:13)\n    at Route.dispatch (C:\\Users\\Jobin Abraham\\CascadeProjects\\mo-city-gutters\\node_modules\\express\\lib\\router\\route.js:119:3)\n    at Layer.handle [as handle_request] (C:\\Users\\Jobin Abraham\\CascadeProjects\\mo-city-gutters\\node_modules\\express\\lib\\router\\layer.js:95:5)\n    at C:\\Users\\Jobin Abraham\\CascadeProjects\\mo-city-gutters\\node_modules\\express\\lib\\router\\index.js:284:15\n    at Function.process_params (C:\\Users\\Jobin Abraham\\CascadeProjects\\mo-city-gutters\\node_modules\\express\\lib\\router\\index.js:346:12)\n    at next (C:\\Users\\Jobin Abraham\\CascadeProjects\\mo-city-gutters\\node_modules\\express\\lib\\router\\index.js:280:10)\n    at SendStream.error (C:\\Users\\Jobin Abraham\\CascadeProjects\\mo-city-gutters\\node_modules\\serve-static\\index.js:121:7)\n    at SendStream.emit (node:events:517:28)","timestamp":"2024-11-28T06:58:36.322Z"}
{"level":"error","message":"CSRF token validation failed","timestamp":"2024-11-28T06:58:41.620Z"}
{"level":"info","message":"HTTP Server running on port 3000","timestamp":"2024-11-28T07:00:55.095Z"}
{"level":"info","message":"Connected to MongoDB successfully","timestamp":"2024-11-28T07:00:55.934Z"}
{"level":"info","message":"HTTP Server running on port 3000","timestamp":"2024-11-28T07:09:46.987Z"}
{"level":"info","message":"Connected to MongoDB successfully","timestamp":"2024-11-28T07:09:48.017Z"}
{"level":"info","message":"HTTP Server running on port 3000","timestamp":"2024-11-28T07:14:40.934Z"}
{"level":"info","message":"Connected to MongoDB successfully","timestamp":"2024-11-28T07:14:41.836Z"}
{"level":"info","message":"HTTP Server running on port 3000","timestamp":"2024-11-28T07:36:53.025Z"}
{"level":"info","message":"Connected to MongoDB successfully","timestamp":"2024-11-28T07:36:54.164Z"}
{"level":"info","message":"HTTP Server running on port 3000","timestamp":"2024-11-28T07:42:38.055Z"}
{"level":"info","message":"Connected to MongoDB successfully","timestamp":"2024-11-28T07:42:39.000Z"}
{"level":"info","message":"HTTP Server running on port 3000","timestamp":"2024-11-28T07:53:19.883Z"}
{"level":"info","message":"Connected to MongoDB successfully","timestamp":"2024-11-28T07:53:21.020Z"}
